<?xml version="1.0" encoding="UTF-8"?>
<!-- Generated by org.testng.reporters.JUnitReportReporter -->
<testsuite ignored="2" hostname="DESKTOP-310KIF9" failures="0" tests="1" name="com.onlineStore.mercari.testCase.TC001_VerifyHomePage" time="16.139" errors="0" timestamp="21 Apr 2021 09:18:46 GMT" skipped="0">
  <testcase classname="com.onlineStore.mercari.testCase.TC001_VerifyHomePage" name="verifyHomepage" time="16.139"/>
  <testcase classname="com.onlineStore.mercari.testCase.TC001_VerifyHomePage" name="testingTestcase">
    <skipped/>
  </testcase> <!-- testingTestcase -->
  <testcase classname="com.onlineStore.mercari.testCase.TC002_VerifyNewAddressRegistered" name="verifyNewAddressRegistered">
    <skipped/>
  </testcase> <!-- verifyNewAddressRegistered -->
</testsuite> <!-- com.onlineStore.mercari.testCase.TC001_VerifyHomePage -->
